[32788:32788:0830/014012.141474:WARNING:chrome_main_delegate.cc(742)] This is Chrome version 128.0.6613.86 (not a warning)
[32788:32788:0830/014012.206820:WARNING:field_trial_util.cc(109)] Field trial config study skipped: OptGuideURLCacheSize.Enabled_20240625 (some of its features are already overridden)
[32788:32788:0830/014012.206907:WARNING:field_trial_util.cc(109)] Field trial config study skipped: PdfOutOfProcessIframe.Enabled (some of its features are already overridden)
[32788:32788:0830/014012.235457:WARNING:wayland_object.cc(165)] Binding to wl_seat version 8 but version 9 is available.
[32788:32788:0830/014012.235558:WARNING:wayland_object.cc(165)] Binding to zwp_pointer_gestures_v1 version 1 but version 3 is available.
[32788:32788:0830/014012.235638:WARNING:wayland_object.cc(165)] Binding to zwp_linux_dmabuf_v1 version 3 but version 5 is available.
[32788:32809:0830/014012.307718:ERROR:object_proxy.cc(576)] Failed to call method: org.freedesktop.DBus.Properties.Get: object_path= /org/freedesktop/portal/desktop: org.freedesktop.DBus.Error.InvalidArgs: Nenhuma interface “org.freedesktop.portal.FileChooser”
[32788:32809:0830/014012.307773:WARNING:property.cc(149)] version: GetAndBlock: failed.
[32788:32809:0830/014012.307798:ERROR:select_file_dialog_linux_portal.cc(285)] Failed to read portal version property
[32788:32788:0830/014012.356788:WARNING:wayland_surface.cc(197)] Server doesn't support zcr_alpha_compositing_v1.
[32788:32788:0830/014012.356856:WARNING:wayland_surface.cc(212)] Server doesn't support overlay_prioritizer.
[32788:32788:0830/014012.356863:WARNING:wayland_surface.cc(228)] Server doesn't support surface_augmenter.
[32788:32788:0830/014012.356868:WARNING:wayland_surface.cc(243)] Server doesn't support wp_content_type_v1
[32788:32788:0830/014012.356874:WARNING:wayland_surface.cc(262)] Server doesn't support zcr_color_management_surface.
[32788:32788:0830/014012.408560:WARNING:bluez_dbus_manager.cc(248)] Floss manager not present, cannot set Floss enable/disable.
[32828:32828:0830/014012.428824:WARNING:sandbox_linux.cc(430)] InitializeSandbox() called with multiple threads in process gpu-process.
[32788:32788:0830/014013.722661:INFO:CONSOLE(0)] "[DOM] Input elements should have autocomplete attributes (suggested: "current-password"): (More info: https://goo.gl/9p2vKq) %o", source: https://si3.ufc.br/sigaa/verTelaLogin.do;jsessionid=B2C038290BE82C56DD802ECA2FF74C17.node22 (0)
[32788:32788:0830/014026.839163:INFO:CONSOLE(4)] "A parser-blocking, cross site (i.e. different eTLD+1) script, https://vlibras.gov.br/app/vlibras-plugin.js, is invoked via document.write. The network request for this script MAY be blocked by the browser in this or a future page load due to poor network connectivity. If blocked in this page load, it will be confirmed in a subsequent console message. See https://www.chromestatus.com/feature/5718547946799104 for more details.", source: https://si3.ufc.br/shared/jsBundles/jawr_loader.js (4)
[32788:32788:0830/014028.900630:WARNING:wayland_clipboard.cc(128)] No serial found for selection.
[32788:32788:0830/014032.677228:INFO:CONSOLE(4)] "A parser-blocking, cross site (i.e. different eTLD+1) script, https://vlibras.gov.br/app/vlibras-plugin.js, is invoked via document.write. The network request for this script MAY be blocked by the browser in this or a future page load due to poor network connectivity. If blocked in this page load, it will be confirmed in a subsequent console message. See https://www.chromestatus.com/feature/5718547946799104 for more details.", source: https://si3.ufc.br/shared/jsBundles/jawr_loader.js (4)
[32788:32788:0830/014034.746355:WARNING:wayland_clipboard.cc(128)] No serial found for selection.
[32788:32788:0830/014038.735917:INFO:CONSOLE(4)] "A parser-blocking, cross site (i.e. different eTLD+1) script, https://vlibras.gov.br/app/vlibras-plugin.js, is invoked via document.write. The network request for this script MAY be blocked by the browser in this or a future page load due to poor network connectivity. If blocked in this page load, it will be confirmed in a subsequent console message. See https://www.chromestatus.com/feature/5718547946799104 for more details.", source: https://si3.ufc.br/shared/jsBundles/jawr_loader.js (4)
[32788:32788:0830/014040.599752:WARNING:wayland_clipboard.cc(128)] No serial found for selection.
[32788:32788:0830/014044.680140:INFO:CONSOLE(4)] "A parser-blocking, cross site (i.e. different eTLD+1) script, https://vlibras.gov.br/app/vlibras-plugin.js, is invoked via document.write. The network request for this script MAY be blocked by the browser in this or a future page load due to poor network connectivity. If blocked in this page load, it will be confirmed in a subsequent console message. See https://www.chromestatus.com/feature/5718547946799104 for more details.", source: https://si3.ufc.br/shared/jsBundles/jawr_loader.js (4)
[32788:32788:0830/014046.470304:WARNING:wayland_clipboard.cc(128)] No serial found for selection.
[32788:32788:0830/014050.340470:INFO:CONSOLE(4)] "A parser-blocking, cross site (i.e. different eTLD+1) script, https://vlibras.gov.br/app/vlibras-plugin.js, is invoked via document.write. The network request for this script MAY be blocked by the browser in this or a future page load due to poor network connectivity. If blocked in this page load, it will be confirmed in a subsequent console message. See https://www.chromestatus.com/feature/5718547946799104 for more details.", source: https://si3.ufc.br/shared/jsBundles/jawr_loader.js (4)
[32788:32788:0830/014052.328159:WARNING:wayland_clipboard.cc(128)] No serial found for selection.
